[INFO]   2024/07/27 00:58:12 app.go:35: Connected to Postgres
[INFO]   2024/07/27 00:58:12 app.go:47: Connected to Redis
[INFO]   2024/07/29 16:31:26 app.go:34: Connected to Postgres
[INFO]   2024/07/29 16:31:26 app.go:46: Connected to Redis
[INFO]   2024/07/29 16:32:32 app.go:34: Connected to Postgres
[INFO]   2024/07/29 16:32:32 app.go:46: Connected to Redis
[INFO]   2024/07/29 16:33:20 app.go:34: Connected to Postgres
[INFO]   2024/07/29 16:33:20 app.go:46: Connected to Redis
[INFO]   2024/08/03 14:51:27 app.go:34: Connected to Postgres
[INFO]   2024/08/03 14:51:27 app.go:46: Connected to Redis
[ERROR]  2024/08/12 14:21:20 app.go:31: can't connect to db: pq: password authentication failed for user "postgres"
[INFO]   2024/08/12 14:25:28 app.go:34: Connected to Postgres
[ERROR]  2024/08/12 14:25:28 app.go:44: Failed to connect to Redis: dial tcp: lookup redis on 127.0.0.53:53: server misbehaving
[INFO]   2024/08/12 14:27:09 app.go:34: Connected to Postgres
[ERROR]  2024/08/12 14:27:09 app.go:44: Failed to connect to Redis: dial tcp: lookup redis on 127.0.0.53:53: server misbehaving
[INFO]   2024/08/12 14:28:40 app.go:34: Connected to Postgres
[ERROR]  2024/08/12 14:28:40 app.go:44: Failed to connect to Redis: dial tcp: lookup redis on 127.0.0.53:53: server misbehaving
[INFO]   2024/08/12 14:35:06 app.go:34: Connected to Postgres
[ERROR]  2024/08/12 14:35:06 app.go:44: Failed to connect to Redis: dial tcp: lookup redis on 127.0.0.53:53: server misbehaving
[INFO]   2024/08/12 14:37:18 app.go:34: Connected to Postgres
[ERROR]  2024/08/12 14:37:18 app.go:44: Failed to connect to Redis: dial tcp: lookup redis on 127.0.0.53:53: server misbehaving
[INFO]   2024/08/12 14:40:37 app.go:34: Connected to Postgres
[INFO]   2024/08/12 14:40:37 app.go:46: Connected to Redis
[INFO]   2024/08/12 14:41:30 app.go:34: Connected to Postgres
[INFO]   2024/08/12 14:41:30 app.go:46: Connected to Redis
[ERROR]  2024/08/12 14:45:25 app.go:31: can't connect to db: pq: database "auth" does not exist
[INFO]   2024/08/12 14:47:19 app.go:34: Connected to Postgres
[INFO]   2024/08/12 14:47:19 app.go:46: Connected to Redis
[INFO]   2024/08/12 14:54:23 app.go:34: Connected to Postgres
[INFO]   2024/08/12 14:54:23 app.go:46: Connected to Redis
[INFO]   2024/08/12 17:19:33 app.go:34: Connected to Postgres
[INFO]   2024/08/12 17:19:33 app.go:46: Connected to Redis
[INFO]   2024/08/12 22:18:14 app.go:34: Connected to Postgres
[INFO]   2024/08/12 22:18:14 app.go:46: Connected to Redis
[INFO]   2024/08/12 22:19:02 app.go:34: Connected to Postgres
[INFO]   2024/08/12 22:19:02 app.go:46: Connected to Redis
[INFO]   2024/08/12 22:19:14 app.go:34: Connected to Postgres
[INFO]   2024/08/12 22:19:14 app.go:46: Connected to Redis
[INFO]   2024/08/12 22:24:44 app.go:34: Connected to Postgres
[INFO]   2024/08/12 22:24:44 app.go:46: Connected to Redis
[INFO]   2024/08/12 22:26:44 app.go:34: Connected to Postgres
[INFO]   2024/08/12 22:26:44 app.go:46: Connected to Redis
[INFO]   2024/08/12 22:27:48 app.go:34: Connected to Postgres
[INFO]   2024/08/12 22:27:48 app.go:46: Connected to Redis
[INFO]   2024/08/12 22:34:39 app.go:34: Connected to Postgres
[INFO]   2024/08/12 22:34:39 app.go:46: Connected to Redis
[INFO]   2024/08/12 22:38:53 app.go:34: Connected to Postgres
[INFO]   2024/08/12 22:38:53 app.go:46: Connected to Redis
[INFO]   2024/08/12 22:41:38 app.go:34: Connected to Postgres
[INFO]   2024/08/12 22:41:38 app.go:46: Connected to Redis
[INFO]   2024/08/12 22:43:23 app.go:34: Connected to Postgres
[INFO]   2024/08/12 22:43:23 app.go:46: Connected to Redis
[INFO]   2024/08/12 22:44:12 app.go:34: Connected to Postgres
[INFO]   2024/08/12 22:44:12 app.go:46: Connected to Redis
